<?xml version="1.0" encoding="utf-8"?><testsuites name="pytest tests"><testsuite name="pytest" errors="0" failures="0" skipped="0" tests="17" time="3.239" timestamp="2026-03-10T15:23:30.603538+00:00" hostname="agent-env-6cb7d8b5-d8fd-479a-941f-484ddf246939"><testcase classname="backend.tests.test_afi.TestHealth" name="test_health" time="0.459" /><testcase classname="backend.tests.test_afi.TestAuth" name="test_signup_new_user" time="0.320" /><testcase classname="backend.tests.test_afi.TestAuth" name="test_signup_duplicate_email" time="0.059" /><testcase classname="backend.tests.test_afi.TestAuth" name="test_login_success" time="0.471" /><testcase classname="backend.tests.test_afi.TestAuth" name="test_login_wrong_password" time="0.286" /><testcase classname="backend.tests.test_afi.TestAuth" name="test_get_me" time="0.567" /><testcase classname="backend.tests.test_afi.TestSignals" name="test_get_all_signals" time="0.060" /><testcase classname="backend.tests.test_afi.TestSignals" name="test_signals_have_required_fields" time="0.063" /><testcase classname="backend.tests.test_afi.TestSignals" name="test_signals_filter_by_ticker" time="0.070" /><testcase classname="backend.tests.test_afi.TestSignals" name="test_signals_filter_multiple_tickers" time="0.139" /><testcase classname="backend.tests.test_afi.TestSignals" name="test_signals_classifications" time="0.076" /><testcase classname="backend.tests.test_afi.TestWatchlist" name="test_get_watchlist" time="0.115" /><testcase classname="backend.tests.test_afi.TestWatchlist" name="test_add_valid_ticker" time="0.130" /><testcase classname="backend.tests.test_afi.TestWatchlist" name="test_add_invalid_ticker_numbers" time="0.072" /><testcase classname="backend.tests.test_afi.TestWatchlist" name="test_add_invalid_ticker_too_long" time="0.062" /><testcase classname="backend.tests.test_afi.TestWatchlist" name="test_remove_ticker" time="0.119" /><testcase classname="backend.tests.test_afi.TestWatchlist" name="test_watchlist_requires_auth" time="0.063" /></testsuite></testsuites>